<?xml version="1.0" encoding="UTF-8"?>
<!-- Generated by org.testng.reporters.JUnitReportReporter -->
<testsuite hostname="DESKTOP-41VTHPF" failures="0" tests="3" name="testcases.LoginTest" time="28.031" errors="0" timestamp="2022-03-28T05:46:52 AST" skipped="0">
  <testcase classname="testcases.LoginTest" name="ExternalDataTest" time="9.643"/>
  <system-out/>
  <testcase classname="testcases.LoginTest" name="LoginFailureTest" time="10.312"/>
  <system-out/>
  <testcase classname="testcases.LoginTest" name="LoginSuccessTest" time="8.076"/>
  <system-out/>
</testsuite> <!-- testcases.LoginTest -->
