<?xml version="1.0" encoding="UTF-8"?>
<!-- Generated by org.testng.reporters.JUnitReportReporter -->
<testsuite hostname="DESKTOP-41VTHPF" failures="0" tests="2" name="testcases.DataProviderExample" time="0.012" errors="0" timestamp="2022-03-28T06:07:56 AST" skipped="0">
  <testcase classname="testcases.DataProviderExample" name="PrintData" time="0.002"/>
  <system-out/>
  <testcase classname="testcases.DataProviderExample" name="PrintData" time="0.010"/>
  <system-out/>
</testsuite> <!-- testcases.DataProviderExample -->
