<?xml version="1.0" encoding="UTF-8"?>
<!-- Generated by org.testng.reporters.JUnitReportReporter -->
<testsuite hostname="DESKTOP-41VTHPF" failures="0" tests="3" name="testcases.LoginTest" time="27.638" errors="0" timestamp="2022-03-13T07:27:08 AST" skipped="0">
  <testcase classname="testcases.LoginTest" name="LoginSuccessTest" time="8.835"/>
  <system-out/>
  <testcase classname="testcases.LoginTest" name="LoginFailureTest" time="10.154"/>
  <system-out/>
  <testcase classname="testcases.LoginTest" name="ExternalDataTest" time="8.649"/>
  <system-out/>
</testsuite> <!-- testcases.LoginTest -->
