<?xml version="1.0" encoding="UTF-8"?>
<!-- Generated by org.testng.reporters.JUnitReportReporter -->
<testsuite skipped="0" hostname="DESKTOP-41VTHPF" name="testcases.LoginTest" tests="3" failures="0" timestamp="2022-03-19T07:20:18 AST" time="41.746" errors="0">
  <testcase name="LoginSuccessTest" time="16.154" classname="testcases.LoginTest"/>
  <system-out/>
  <testcase name="LoginFailureTest" time="10.940" classname="testcases.LoginTest"/>
  <system-out/>
  <testcase name="ExternalDataTest" time="14.652" classname="testcases.LoginTest"/>
  <system-out/>
</testsuite> <!-- testcases.LoginTest -->
